<?xml version="1.0" encoding="UTF-8"?>
<!-- Generated by org.testng.reporters.JUnitXMLReporter -->
<testsuite ignored="0" hostname="DESKTOP-OIDSKCV" failures="3" tests="20" name="ChromeTestCases" time="716.318" errors="0" timestamp="2023-10-30T10:54:20 CDT">
  <testcase classname="com.romanceabroad.ui.RegistrationTests" name="testRegistration" time="4.419"/>
  <testcase classname="com.romanceabroad.ui.RegistrationTests" name="testRegistration" time="4.514"/>
  <testcase classname="com.romanceabroad.ui.RegistrationTests" name="testRegistration" time="8.602"/>
  <testcase classname="com.romanceabroad.ui.RegistrationTests" name="testRegistration2" time="14.191"/>
  <testcase classname="com.romanceabroad.ui.BlogTests" name="collectAllLinksOfArticles" time="0.076"/>
  <testcase classname="com.romanceabroad.ui.BlogTests" name="testBlogLink" time="2.796"/>
  <testcase classname="com.romanceabroad.ui.GiftTests" name="testGiftsLink" time="2.549"/>
  <testcase classname="com.romanceabroad.ui.MainTests" name="MainPageTest" time="0.503">
    <failure type="java.lang.AssertionError" message="Video is not displayed">
      <![CDATA[java.lang.AssertionError: Video is not displayed
at com.romanceabroad.ui.MainTests.MainPageTest(MainTests.java:20)
at java.base/java.util.ArrayList.forEach(ArrayList.java:1511)
... Removed 32 stack frames]]>
    </failure>
  </testcase> <!-- MainPageTest -->
  <testcase classname="com.romanceabroad.ui.MainTests" name="testLinksOnMainPage" time="13.297"/>
  <testcase classname="com.romanceabroad.ui.HowWeWorkTests" name="testHowWeWorkLink" time="5.761"/>
  <testcase classname="com.romanceabroad.ui.PhotosTests" name="testMediaPage" time="11.448"/>
  <testcase classname="com.romanceabroad.ui.SearchTests" name="Loops1" time="27.262"/>
  <testcase classname="com.romanceabroad.ui.SearchTests" name="searchDifferentResults13" time="80.005"/>
  <testcase classname="com.romanceabroad.ui.SearchTests" name="searchDifferentResults13" time="4.181">
    <failure type="org.openqa.selenium.StaleElementReferenceException" message="stale element reference: stale element not found
  (Session info: chrome=118.0.5993.118)
For documentation on this error, please visit: https://www.selenium.dev/documentation/webdriver/troubleshooting/errors#stale-element-reference-exception
Build info: version: &amp;apos;4.10.0&amp;apos;, revision: &amp;apos;c14d967899&amp;apos;
System info: os.name: &amp;apos;Windows 10&amp;apos;, os.arch: &amp;apos;amd64&amp;apos;, os.version: &amp;apos;10.0&amp;apos;, java.version: &amp;apos;17.0.9&amp;apos;
Driver info: org.openqa.selenium.chrome.ChromeDriver
Command: [775eb4a96bc90c03ac2b4cb6f226ad87, getElementText {id=A0F3DE685A988D122E84548CE83E2324_element_78}]
Capabilities {acceptInsecureCerts: false, browserName: chrome, browserVersion: 118.0.5993.118, chrome: {chromedriverVersion: 118.0.5993.70 (e52f33f30b91..., userDataDir: C:\WINDOWS\SystemTemp\scope...}, fedcm:accounts: true, goog:chromeOptions: {debuggerAddress: localhost:60218}, networkConnectionEnabled: false, pageLoadStrategy: normal, platformName: windows, proxy: Proxy(), se:cdp: ws://localhost:60218/devtoo..., se:cdpVersion: 118.0.5993.118, setWindowRect: true, strictFileInteractability: false, timeouts: {implicit: 0, pageLoad: 300000, script: 30000}, unhandledPromptBehavior: dismiss and notify, webauthn:extension:credBlob: true, webauthn:extension:largeBlob: true, webauthn:extension:minPinLength: true, webauthn:extension:prf: true, webauthn:virtualAuthenticators: true}
Element: [[ChromeDriver: chrome on windows (775eb4a96bc90c03ac2b4cb6f226ad87)] -&amp;gt; xpath: //div[@class=&amp;apos;text-overflow&amp;apos;]]
Session ID: 775eb4a96bc90c03ac2b4cb6f226ad87">
      <![CDATA[org.openqa.selenium.StaleElementReferenceException: stale element reference: stale element not found
  (Session info: chrome=118.0.5993.118)
For documentation on this error, please visit: https://www.selenium.dev/documentation/webdriver/troubleshooting/errors#stale-element-reference-exception
Build info: version: '4.10.0', revision: 'c14d967899'
System info: os.name: 'Windows 10', os.arch: 'amd64', os.version: '10.0', java.version: '17.0.9'
Driver info: org.openqa.selenium.chrome.ChromeDriver
Command: [775eb4a96bc90c03ac2b4cb6f226ad87, getElementText {id=A0F3DE685A988D122E84548CE83E2324_element_78}]
Capabilities {acceptInsecureCerts: false, browserName: chrome, browserVersion: 118.0.5993.118, chrome: {chromedriverVersion: 118.0.5993.70 (e52f33f30b91..., userDataDir: C:\WINDOWS\SystemTemp\scope...}, fedcm:accounts: true, goog:chromeOptions: {debuggerAddress: localhost:60218}, networkConnectionEnabled: false, pageLoadStrategy: normal, platformName: windows, proxy: Proxy(), se:cdp: ws://localhost:60218/devtoo..., se:cdpVersion: 118.0.5993.118, setWindowRect: true, strictFileInteractability: false, timeouts: {implicit: 0, pageLoad: 300000, script: 30000}, unhandledPromptBehavior: dismiss and notify, webauthn:extension:credBlob: true, webauthn:extension:largeBlob: true, webauthn:extension:minPinLength: true, webauthn:extension:prf: true, webauthn:virtualAuthenticators: true}
Element: [[ChromeDriver: chrome on windows (775eb4a96bc90c03ac2b4cb6f226ad87)] -> xpath: //div[@class='text-overflow']]
Session ID: 775eb4a96bc90c03ac2b4cb6f226ad87
at org.openqa.selenium.remote.codec.w3c.W3CHttpResponseCodec.createException(W3CHttpResponseCodec.java:199)
at org.openqa.selenium.remote.codec.w3c.W3CHttpResponseCodec.decode(W3CHttpResponseCodec.java:132)
at org.openqa.selenium.remote.codec.w3c.W3CHttpResponseCodec.decode(W3CHttpResponseCodec.java:51)
at org.openqa.selenium.remote.HttpCommandExecutor.execute(HttpCommandExecutor.java:191)
at org.openqa.selenium.remote.service.DriverCommandExecutor.invokeExecute(DriverCommandExecutor.java:196)
at org.openqa.selenium.remote.service.DriverCommandExecutor.execute(DriverCommandExecutor.java:171)
at org.openqa.selenium.remote.RemoteWebDriver.execute(RemoteWebDriver.java:531)
at org.openqa.selenium.remote.RemoteWebElement.execute(RemoteWebElement.java:242)
at org.openqa.selenium.remote.RemoteWebElement.getText(RemoteWebElement.java:192)
at com.romanceabroad.ui.SearchTests.searchDifferentResults13(SearchTests.java:96)
at java.base/java.util.ArrayList.forEach(ArrayList.java:1511)
... Removed 36 stack frames]]>
    </failure>
  </testcase> <!-- searchDifferentResults13 -->
  <testcase classname="com.romanceabroad.ui.SearchTests" name="searchDifferentResults13" time="77.493"/>
  <testcase classname="com.romanceabroad.ui.SearchTests" name="searchDifferentResults13" time="5.68">
    <failure type="org.openqa.selenium.StaleElementReferenceException" message="stale element reference: stale element not found
  (Session info: chrome=118.0.5993.118)
For documentation on this error, please visit: https://www.selenium.dev/documentation/webdriver/troubleshooting/errors#stale-element-reference-exception
Build info: version: &amp;apos;4.10.0&amp;apos;, revision: &amp;apos;c14d967899&amp;apos;
System info: os.name: &amp;apos;Windows 10&amp;apos;, os.arch: &amp;apos;amd64&amp;apos;, os.version: &amp;apos;10.0&amp;apos;, java.version: &amp;apos;17.0.9&amp;apos;
Driver info: org.openqa.selenium.chrome.ChromeDriver
Command: [fb7e226fcfe55faf52a8791c90a7280a, getElementText {id=1F5E867B0DFADA3496F57CCD925F282D_element_122}]
Capabilities {acceptInsecureCerts: false, browserName: chrome, browserVersion: 118.0.5993.118, chrome: {chromedriverVersion: 118.0.5993.70 (e52f33f30b91..., userDataDir: C:\WINDOWS\SystemTemp\scope...}, fedcm:accounts: true, goog:chromeOptions: {debuggerAddress: localhost:60396}, networkConnectionEnabled: false, pageLoadStrategy: normal, platformName: windows, proxy: Proxy(), se:cdp: ws://localhost:60396/devtoo..., se:cdpVersion: 118.0.5993.118, setWindowRect: true, strictFileInteractability: false, timeouts: {implicit: 0, pageLoad: 300000, script: 30000}, unhandledPromptBehavior: dismiss and notify, webauthn:extension:credBlob: true, webauthn:extension:largeBlob: true, webauthn:extension:minPinLength: true, webauthn:extension:prf: true, webauthn:virtualAuthenticators: true}
Element: [[ChromeDriver: chrome on windows (fb7e226fcfe55faf52a8791c90a7280a)] -&amp;gt; xpath: //div[@class=&amp;apos;text-overflow&amp;apos;]]
Session ID: fb7e226fcfe55faf52a8791c90a7280a">
      <![CDATA[org.openqa.selenium.StaleElementReferenceException: stale element reference: stale element not found
  (Session info: chrome=118.0.5993.118)
For documentation on this error, please visit: https://www.selenium.dev/documentation/webdriver/troubleshooting/errors#stale-element-reference-exception
Build info: version: '4.10.0', revision: 'c14d967899'
System info: os.name: 'Windows 10', os.arch: 'amd64', os.version: '10.0', java.version: '17.0.9'
Driver info: org.openqa.selenium.chrome.ChromeDriver
Command: [fb7e226fcfe55faf52a8791c90a7280a, getElementText {id=1F5E867B0DFADA3496F57CCD925F282D_element_122}]
Capabilities {acceptInsecureCerts: false, browserName: chrome, browserVersion: 118.0.5993.118, chrome: {chromedriverVersion: 118.0.5993.70 (e52f33f30b91..., userDataDir: C:\WINDOWS\SystemTemp\scope...}, fedcm:accounts: true, goog:chromeOptions: {debuggerAddress: localhost:60396}, networkConnectionEnabled: false, pageLoadStrategy: normal, platformName: windows, proxy: Proxy(), se:cdp: ws://localhost:60396/devtoo..., se:cdpVersion: 118.0.5993.118, setWindowRect: true, strictFileInteractability: false, timeouts: {implicit: 0, pageLoad: 300000, script: 30000}, unhandledPromptBehavior: dismiss and notify, webauthn:extension:credBlob: true, webauthn:extension:largeBlob: true, webauthn:extension:minPinLength: true, webauthn:extension:prf: true, webauthn:virtualAuthenticators: true}
Element: [[ChromeDriver: chrome on windows (fb7e226fcfe55faf52a8791c90a7280a)] -> xpath: //div[@class='text-overflow']]
Session ID: fb7e226fcfe55faf52a8791c90a7280a
at org.openqa.selenium.remote.codec.w3c.W3CHttpResponseCodec.createException(W3CHttpResponseCodec.java:199)
at org.openqa.selenium.remote.codec.w3c.W3CHttpResponseCodec.decode(W3CHttpResponseCodec.java:132)
at org.openqa.selenium.remote.codec.w3c.W3CHttpResponseCodec.decode(W3CHttpResponseCodec.java:51)
at org.openqa.selenium.remote.HttpCommandExecutor.execute(HttpCommandExecutor.java:191)
at org.openqa.selenium.remote.service.DriverCommandExecutor.invokeExecute(DriverCommandExecutor.java:196)
at org.openqa.selenium.remote.service.DriverCommandExecutor.execute(DriverCommandExecutor.java:171)
at org.openqa.selenium.remote.RemoteWebDriver.execute(RemoteWebDriver.java:531)
at org.openqa.selenium.remote.RemoteWebElement.execute(RemoteWebElement.java:242)
at org.openqa.selenium.remote.RemoteWebElement.getText(RemoteWebElement.java:192)
at com.romanceabroad.ui.SearchTests.searchDifferentResults13(SearchTests.java:96)
at java.base/java.util.ArrayList.forEach(ArrayList.java:1511)
... Removed 36 stack frames]]>
    </failure>
  </testcase> <!-- searchDifferentResults13 -->
  <testcase classname="com.romanceabroad.ui.SearchTests" name="testSearchPageTestCase12" time="3.782"/>
  <testcase classname="com.romanceabroad.ui.SearchTests" name="selectRandomDropDownListOnSearchPageTestCase11" time="273.825"/>
  <testcase classname="com.romanceabroad.ui.SignInTests" name="testSignInTest" time="2.697"/>
  <testcase classname="com.romanceabroad.ui.TourToUkraineTests" name="testTourToUkraineLink" time="2.38"/>
</testsuite> <!-- ChromeTestCases -->
