<?xml version="1.0" encoding="UTF-8"?>
<testng-results ignored="0" total="20" passed="17" failed="3" skipped="0">
  <reporter-output>
  </reporter-output>
  <suite started-at="2023-10-30T12:41:31 CDT" name="TestSuite" finished-at="2023-10-30T12:49:48 CDT" duration-ms="496999">
    <groups>
      <group name="firefox">
        <method signature="SearchTests.testSearchPageTestCase12()[pri:2, instance:com.romanceabroad.ui.SearchTests@2e005c4b]" name="testSearchPageTestCase12" class="com.romanceabroad.ui.SearchTests"/>
      </group> <!-- firefox -->
      <group name="admin">
        <method signature="SearchTests.searchDifferentResults13(java.lang.String,java.lang.String,java.lang.String)[pri:1, instance:com.romanceabroad.ui.SearchTests@2e005c4b]" name="searchDifferentResults13" class="com.romanceabroad.ui.SearchTests"/>
        <method signature="SearchTests.testSearchPageTestCase12()[pri:2, instance:com.romanceabroad.ui.SearchTests@2e005c4b]" name="testSearchPageTestCase12" class="com.romanceabroad.ui.SearchTests"/>
        <method signature="SearchTests.selectRandomDropDownListOnSearchPageTestCase11()[pri:3, instance:com.romanceabroad.ui.SearchTests@2e005c4b]" name="selectRandomDropDownListOnSearchPageTestCase11" class="com.romanceabroad.ui.SearchTests"/>
      </group> <!-- admin -->
      <group name="user">
        <method signature="SearchTests.searchDifferentResults13(java.lang.String,java.lang.String,java.lang.String)[pri:1, instance:com.romanceabroad.ui.SearchTests@2e005c4b]" name="searchDifferentResults13" class="com.romanceabroad.ui.SearchTests"/>
        <method signature="SearchTests.testSearchPageTestCase12()[pri:2, instance:com.romanceabroad.ui.SearchTests@2e005c4b]" name="testSearchPageTestCase12" class="com.romanceabroad.ui.SearchTests"/>
        <method signature="SearchTests.selectRandomDropDownListOnSearchPageTestCase11()[pri:3, instance:com.romanceabroad.ui.SearchTests@2e005c4b]" name="selectRandomDropDownListOnSearchPageTestCase11" class="com.romanceabroad.ui.SearchTests"/>
      </group> <!-- user -->
    </groups>
    <test started-at="2023-10-30T12:41:31 CDT" name="ChromeTestCases" finished-at="2023-10-30T12:49:48 CDT" duration-ms="496999">
      <class name="com.romanceabroad.ui.GiftTests">
        <test-method is-config="true" signature="setup(java.lang.String,java.lang.reflect.Method)[pri:0, instance:com.romanceabroad.ui.GiftTests@5af3afd9]" started-at="2023-10-30T12:42:17 CDT" name="setup" finished-at="2023-10-30T12:42:20 CDT" duration-ms="3040" status="PASS">
          <params>
            <param index="0">
              <value>
                <![CDATA[chrome]]>
              </value>
            </param>
            <param index="1">
              <value>
                <![CDATA[public void com.romanceabroad.ui.GiftTests.testGiftsLink()]]>
              </value>
            </param>
          </params>
          <reporter-output>
          </reporter-output>
        </test-method> <!-- setup -->
        <test-method signature="testGiftsLink()[pri:0, instance:com.romanceabroad.ui.GiftTests@5af3afd9]" started-at="2023-10-30T12:42:20 CDT" name="testGiftsLink" finished-at="2023-10-30T12:42:25 CDT" duration-ms="4652" status="PASS">
          <reporter-output>
          </reporter-output>
        </test-method> <!-- testGiftsLink -->
        <test-method is-config="true" signature="afterActions(org.testng.ITestResult)[pri:0, instance:com.romanceabroad.ui.GiftTests@5af3afd9]" started-at="2023-10-30T12:42:25 CDT" name="afterActions" finished-at="2023-10-30T12:42:25 CDT" duration-ms="120" status="PASS">
          <params>
            <param index="0">
              <value>
                <![CDATA[[TestResult name=testGiftsLink status=SUCCESS method=GiftTests.testGiftsLink()[pri:0, instance:com.romanceabroad.ui.GiftTests@5af3afd9] output={null}]]]>
              </value>
            </param>
          </params>
          <reporter-output>
          </reporter-output>
        </test-method> <!-- afterActions -->
      </class> <!-- com.romanceabroad.ui.GiftTests -->
      <class name="com.romanceabroad.ui.HowWeWorkTests">
        <test-method is-config="true" signature="setup(java.lang.String,java.lang.reflect.Method)[pri:0, instance:com.romanceabroad.ui.HowWeWorkTests@44ebcd03]" started-at="2023-10-30T12:42:47 CDT" name="setup" finished-at="2023-10-30T12:42:56 CDT" duration-ms="8529" status="PASS">
          <params>
            <param index="0">
              <value>
                <![CDATA[chrome]]>
              </value>
            </param>
            <param index="1">
              <value>
                <![CDATA[public void com.romanceabroad.ui.HowWeWorkTests.testHowWeWorkLink()]]>
              </value>
            </param>
          </params>
          <reporter-output>
          </reporter-output>
        </test-method> <!-- setup -->
        <test-method signature="testHowWeWorkLink()[pri:0, instance:com.romanceabroad.ui.HowWeWorkTests@44ebcd03]" started-at="2023-10-30T12:42:56 CDT" name="testHowWeWorkLink" finished-at="2023-10-30T12:42:58 CDT" duration-ms="1875" status="PASS">
          <reporter-output>
          </reporter-output>
        </test-method> <!-- testHowWeWorkLink -->
        <test-method is-config="true" signature="afterActions(org.testng.ITestResult)[pri:0, instance:com.romanceabroad.ui.HowWeWorkTests@44ebcd03]" started-at="2023-10-30T12:42:58 CDT" name="afterActions" finished-at="2023-10-30T12:42:58 CDT" duration-ms="102" status="PASS">
          <params>
            <param index="0">
              <value>
                <![CDATA[[TestResult name=testHowWeWorkLink status=SUCCESS method=HowWeWorkTests.testHowWeWorkLink()[pri:0, instance:com.romanceabroad.ui.HowWeWorkTests@44ebcd03] output={null}]]]>
              </value>
            </param>
          </params>
          <reporter-output>
          </reporter-output>
        </test-method> <!-- afterActions -->
      </class> <!-- com.romanceabroad.ui.HowWeWorkTests -->
      <class name="com.romanceabroad.ui.SignInTests">
        <test-method is-config="true" signature="setup(java.lang.String,java.lang.reflect.Method)[pri:0, instance:com.romanceabroad.ui.SignInTests@4567f35d]" started-at="2023-10-30T12:49:35 CDT" name="setup" finished-at="2023-10-30T12:49:39 CDT" duration-ms="4352" status="PASS">
          <params>
            <param index="0">
              <value>
                <![CDATA[chrome]]>
              </value>
            </param>
            <param index="1">
              <value>
                <![CDATA[public void com.romanceabroad.ui.SignInTests.testSignInTest()]]>
              </value>
            </param>
          </params>
          <reporter-output>
          </reporter-output>
        </test-method> <!-- setup -->
        <test-method signature="testSignInTest()[pri:0, instance:com.romanceabroad.ui.SignInTests@4567f35d]" started-at="2023-10-30T12:49:39 CDT" name="testSignInTest" finished-at="2023-10-30T12:49:39 CDT" duration-ms="163" status="PASS">
          <reporter-output>
          </reporter-output>
        </test-method> <!-- testSignInTest -->
        <test-method is-config="true" signature="afterActions(org.testng.ITestResult)[pri:0, instance:com.romanceabroad.ui.SignInTests@4567f35d]" started-at="2023-10-30T12:49:39 CDT" name="afterActions" finished-at="2023-10-30T12:49:39 CDT" duration-ms="94" status="PASS">
          <params>
            <param index="0">
              <value>
                <![CDATA[[TestResult name=testSignInTest status=SUCCESS method=SignInTests.testSignInTest()[pri:0, instance:com.romanceabroad.ui.SignInTests@4567f35d] output={null}]]]>
              </value>
            </param>
          </params>
          <reporter-output>
          </reporter-output>
        </test-method> <!-- afterActions -->
      </class> <!-- com.romanceabroad.ui.SignInTests -->
      <class name="com.romanceabroad.ui.SearchTests">
        <test-method is-config="true" signature="setup(java.lang.String,java.lang.reflect.Method)[pri:0, instance:com.romanceabroad.ui.SearchTests@2e005c4b]" started-at="2023-10-30T12:43:11 CDT" name="setup" finished-at="2023-10-30T12:43:19 CDT" duration-ms="7921" status="PASS">
          <params>
            <param index="0">
              <value>
                <![CDATA[chrome]]>
              </value>
            </param>
            <param index="1">
              <value>
                <![CDATA[public void com.romanceabroad.ui.SearchTests.Loops1()]]>
              </value>
            </param>
          </params>
          <reporter-output>
          </reporter-output>
        </test-method> <!-- setup -->
        <test-method signature="Loops1()[pri:0, instance:com.romanceabroad.ui.SearchTests@2e005c4b]" started-at="2023-10-30T12:43:19 CDT" name="Loops1" finished-at="2023-10-30T12:43:35 CDT" duration-ms="16055" status="PASS">
          <reporter-output>
          </reporter-output>
        </test-method> <!-- Loops1 -->
        <test-method is-config="true" signature="afterActions(org.testng.ITestResult)[pri:0, instance:com.romanceabroad.ui.SearchTests@2e005c4b]" started-at="2023-10-30T12:43:35 CDT" name="afterActions" finished-at="2023-10-30T12:43:35 CDT" duration-ms="367" status="PASS">
          <params>
            <param index="0">
              <value>
                <![CDATA[[TestResult name=Loops1 status=SUCCESS method=SearchTests.Loops1()[pri:0, instance:com.romanceabroad.ui.SearchTests@2e005c4b] output={null}]]]>
              </value>
            </param>
          </params>
          <reporter-output>
          </reporter-output>
        </test-method> <!-- afterActions -->
        <test-method is-config="true" signature="setup(java.lang.String,java.lang.reflect.Method)[pri:0, instance:com.romanceabroad.ui.SearchTests@2e005c4b]" started-at="2023-10-30T12:43:35 CDT" name="setup" finished-at="2023-10-30T12:43:47 CDT" duration-ms="11537" status="PASS">
          <params>
            <param index="0">
              <value>
                <![CDATA[chrome]]>
              </value>
            </param>
            <param index="1">
              <value>
                <![CDATA[public void com.romanceabroad.ui.SearchTests.searchDifferentResults13(java.lang.String,java.lang.String,java.lang.String)]]>
              </value>
            </param>
          </params>
          <reporter-output>
          </reporter-output>
        </test-method> <!-- setup -->
        <test-method signature="searchDifferentResults13(java.lang.String,java.lang.String,java.lang.String)[pri:1, instance:com.romanceabroad.ui.SearchTests@2e005c4b]" started-at="2023-10-30T12:43:47 CDT" name="searchDifferentResults13" data-provider="Search" finished-at="2023-10-30T12:43:50 CDT" duration-ms="2893" status="FAIL">
          <params>
            <param index="0">
              <value>
                <![CDATA[18]]>
              </value>
            </param>
            <param index="1">
              <value>
                <![CDATA[80]]>
              </value>
            </param>
            <param index="2">
              <value>
                <![CDATA[Default]]>
              </value>
            </param>
          </params>
          <exception class="org.openqa.selenium.StaleElementReferenceException">
            <message>
              <![CDATA[stale element reference: stale element not found
  (Session info: chrome=118.0.5993.118)
For documentation on this error, please visit: https://www.selenium.dev/documentation/webdriver/troubleshooting/errors#stale-element-reference-exception
Build info: version: '4.10.0', revision: 'c14d967899'
System info: os.name: 'Windows 10', os.arch: 'amd64', os.version: '10.0', java.version: '17.0.9'
Driver info: org.openqa.selenium.chrome.ChromeDriver
Command: [3e88542bd81fd155315135bc994581dd, getElementText {id=C9AC7775A5364365EFD461E45F28118F_element_260}]
Capabilities {acceptInsecureCerts: false, browserName: chrome, browserVersion: 118.0.5993.118, chrome: {chromedriverVersion: 118.0.5993.70 (e52f33f30b91..., userDataDir: C:\WINDOWS\SystemTemp\scope...}, fedcm:accounts: true, goog:chromeOptions: {debuggerAddress: localhost:62103}, networkConnectionEnabled: false, pageLoadStrategy: normal, platformName: windows, proxy: Proxy(), se:cdp: ws://localhost:62103/devtoo..., se:cdpVersion: 118.0.5993.118, setWindowRect: true, strictFileInteractability: false, timeouts: {implicit: 0, pageLoad: 300000, script: 30000}, unhandledPromptBehavior: dismiss and notify, webauthn:extension:credBlob: true, webauthn:extension:largeBlob: true, webauthn:extension:minPinLength: true, webauthn:extension:prf: true, webauthn:virtualAuthenticators: true}
Element: [[ChromeDriver: chrome on windows (3e88542bd81fd155315135bc994581dd)] -> xpath: //div[@class='text-overflow']]
Session ID: 3e88542bd81fd155315135bc994581dd]]>
            </message>
            <full-stacktrace>
              <![CDATA[org.openqa.selenium.StaleElementReferenceException: stale element reference: stale element not found
  (Session info: chrome=118.0.5993.118)
For documentation on this error, please visit: https://www.selenium.dev/documentation/webdriver/troubleshooting/errors#stale-element-reference-exception
Build info: version: '4.10.0', revision: 'c14d967899'
System info: os.name: 'Windows 10', os.arch: 'amd64', os.version: '10.0', java.version: '17.0.9'
Driver info: org.openqa.selenium.chrome.ChromeDriver
Command: [3e88542bd81fd155315135bc994581dd, getElementText {id=C9AC7775A5364365EFD461E45F28118F_element_260}]
Capabilities {acceptInsecureCerts: false, browserName: chrome, browserVersion: 118.0.5993.118, chrome: {chromedriverVersion: 118.0.5993.70 (e52f33f30b91..., userDataDir: C:\WINDOWS\SystemTemp\scope...}, fedcm:accounts: true, goog:chromeOptions: {debuggerAddress: localhost:62103}, networkConnectionEnabled: false, pageLoadStrategy: normal, platformName: windows, proxy: Proxy(), se:cdp: ws://localhost:62103/devtoo..., se:cdpVersion: 118.0.5993.118, setWindowRect: true, strictFileInteractability: false, timeouts: {implicit: 0, pageLoad: 300000, script: 30000}, unhandledPromptBehavior: dismiss and notify, webauthn:extension:credBlob: true, webauthn:extension:largeBlob: true, webauthn:extension:minPinLength: true, webauthn:extension:prf: true, webauthn:virtualAuthenticators: true}
Element: [[ChromeDriver: chrome on windows (3e88542bd81fd155315135bc994581dd)] -> xpath: //div[@class='text-overflow']]
Session ID: 3e88542bd81fd155315135bc994581dd
at java.base/jdk.internal.reflect.NativeConstructorAccessorImpl.newInstance0(Native Method)
at java.base/jdk.internal.reflect.NativeConstructorAccessorImpl.newInstance(NativeConstructorAccessorImpl.java:77)
at java.base/jdk.internal.reflect.DelegatingConstructorAccessorImpl.newInstance(DelegatingConstructorAccessorImpl.java:45)
at java.base/java.lang.reflect.Constructor.newInstanceWithCaller(Constructor.java:499)
at java.base/java.lang.reflect.Constructor.newInstance(Constructor.java:480)
at org.openqa.selenium.remote.codec.w3c.W3CHttpResponseCodec.createException(W3CHttpResponseCodec.java:199)
at org.openqa.selenium.remote.codec.w3c.W3CHttpResponseCodec.decode(W3CHttpResponseCodec.java:132)
at org.openqa.selenium.remote.codec.w3c.W3CHttpResponseCodec.decode(W3CHttpResponseCodec.java:51)
at org.openqa.selenium.remote.HttpCommandExecutor.execute(HttpCommandExecutor.java:191)
at org.openqa.selenium.remote.service.DriverCommandExecutor.invokeExecute(DriverCommandExecutor.java:196)
at org.openqa.selenium.remote.service.DriverCommandExecutor.execute(DriverCommandExecutor.java:171)
at org.openqa.selenium.remote.RemoteWebDriver.execute(RemoteWebDriver.java:531)
at org.openqa.selenium.remote.RemoteWebElement.execute(RemoteWebElement.java:242)
at org.openqa.selenium.remote.RemoteWebElement.getText(RemoteWebElement.java:192)
at com.romanceabroad.ui.SearchTests.searchDifferentResults13(SearchTests.java:96)
at java.base/jdk.internal.reflect.NativeMethodAccessorImpl.invoke0(Native Method)
at java.base/jdk.internal.reflect.NativeMethodAccessorImpl.invoke(NativeMethodAccessorImpl.java:77)
at java.base/jdk.internal.reflect.DelegatingMethodAccessorImpl.invoke(DelegatingMethodAccessorImpl.java:43)
at java.base/java.lang.reflect.Method.invoke(Method.java:568)
at org.testng.internal.invokers.MethodInvocationHelper.invokeMethod(MethodInvocationHelper.java:139)
at org.testng.internal.invokers.TestInvoker.invokeMethod(TestInvoker.java:664)
at org.testng.internal.invokers.TestInvoker.invokeTestMethod(TestInvoker.java:227)
at org.testng.internal.invokers.MethodRunner.runInSequence(MethodRunner.java:50)
at org.testng.internal.invokers.TestInvoker$MethodInvocationAgent.invoke(TestInvoker.java:957)
at org.testng.internal.invokers.TestInvoker.invokeTestMethods(TestInvoker.java:200)
at org.testng.internal.invokers.TestMethodWorker.invokeTestMethods(TestMethodWorker.java:148)
at org.testng.internal.invokers.TestMethodWorker.run(TestMethodWorker.java:128)
at java.base/java.util.ArrayList.forEach(ArrayList.java:1511)
at org.testng.TestRunner.privateRun(TestRunner.java:848)
at org.testng.TestRunner.run(TestRunner.java:621)
at org.testng.SuiteRunner.runTest(SuiteRunner.java:443)
at org.testng.SuiteRunner.runSequentially(SuiteRunner.java:437)
at org.testng.SuiteRunner.privateRun(SuiteRunner.java:397)
at org.testng.SuiteRunner.run(SuiteRunner.java:336)
at org.testng.SuiteRunnerWorker.runSuite(SuiteRunnerWorker.java:52)
at org.testng.SuiteRunnerWorker.run(SuiteRunnerWorker.java:95)
at org.testng.TestNG.runSuitesSequentially(TestNG.java:1280)
at org.testng.TestNG.runSuitesLocally(TestNG.java:1200)
at org.testng.TestNG.runSuites(TestNG.java:1114)
at org.testng.TestNG.run(TestNG.java:1082)
at org.apache.maven.surefire.testng.TestNGExecutor.run(TestNGExecutor.java:283)
at org.apache.maven.surefire.testng.TestNGXmlTestSuite.execute(TestNGXmlTestSuite.java:75)
at org.apache.maven.surefire.testng.TestNGProvider.invoke(TestNGProvider.java:120)
at org.apache.maven.surefire.booter.ForkedBooter.invokeProviderInSameClassLoader(ForkedBooter.java:384)
at org.apache.maven.surefire.booter.ForkedBooter.runSuitesInProcess(ForkedBooter.java:345)
at org.apache.maven.surefire.booter.ForkedBooter.execute(ForkedBooter.java:126)
at org.apache.maven.surefire.booter.ForkedBooter.main(ForkedBooter.java:418)
]]>
            </full-stacktrace>
          </exception> <!-- org.openqa.selenium.StaleElementReferenceException -->
          <reporter-output>
          </reporter-output>
        </test-method> <!-- searchDifferentResults13 -->
        <test-method is-config="true" signature="afterActions(org.testng.ITestResult)[pri:0, instance:com.romanceabroad.ui.SearchTests@2e005c4b]" started-at="2023-10-30T12:43:50 CDT" name="afterActions" finished-at="2023-10-30T12:43:51 CDT" duration-ms="1234" status="PASS">
          <params>
            <param index="0">
              <value>
                <![CDATA[[TestResult name=searchDifferentResults13 status=FAILURE method=SearchTests.searchDifferentResults13(java.lang.String,java.lang.String,java.lang.String)[pri:1, instance:com.romanceabroad.ui.SearchTests@2e005c4b] output={null}]]]>
              </value>
            </param>
          </params>
          <reporter-output>
          </reporter-output>
        </test-method> <!-- afterActions -->
        <test-method is-config="true" signature="setup(java.lang.String,java.lang.reflect.Method)[pri:0, instance:com.romanceabroad.ui.SearchTests@2e005c4b]" started-at="2023-10-30T12:43:51 CDT" name="setup" finished-at="2023-10-30T12:43:55 CDT" duration-ms="4293" status="PASS">
          <params>
            <param index="0">
              <value>
                <![CDATA[chrome]]>
              </value>
            </param>
            <param index="1">
              <value>
                <![CDATA[public void com.romanceabroad.ui.SearchTests.searchDifferentResults13(java.lang.String,java.lang.String,java.lang.String)]]>
              </value>
            </param>
          </params>
          <reporter-output>
          </reporter-output>
        </test-method> <!-- setup -->
        <test-method signature="searchDifferentResults13(java.lang.String,java.lang.String,java.lang.String)[pri:1, instance:com.romanceabroad.ui.SearchTests@2e005c4b]" started-at="2023-10-30T12:43:55 CDT" name="searchDifferentResults13" data-provider="Search" finished-at="2023-10-30T12:43:58 CDT" duration-ms="2615" status="FAIL">
          <params>
            <param index="0">
              <value>
                <![CDATA[18]]>
              </value>
            </param>
            <param index="1">
              <value>
                <![CDATA[19]]>
              </value>
            </param>
            <param index="2">
              <value>
                <![CDATA[Name]]>
              </value>
            </param>
          </params>
          <exception class="org.openqa.selenium.StaleElementReferenceException">
            <message>
              <![CDATA[stale element reference: stale element not found
  (Session info: chrome=118.0.5993.118)
For documentation on this error, please visit: https://www.selenium.dev/documentation/webdriver/troubleshooting/errors#stale-element-reference-exception
Build info: version: '4.10.0', revision: 'c14d967899'
System info: os.name: 'Windows 10', os.arch: 'amd64', os.version: '10.0', java.version: '17.0.9'
Driver info: org.openqa.selenium.chrome.ChromeDriver
Command: [14e1ca2fb584f5b46e0728b0f54c06a5, getElementText {id=32D1D319A3CFD3F2F2A2340CE2759B5C_element_291}]
Capabilities {acceptInsecureCerts: false, browserName: chrome, browserVersion: 118.0.5993.118, chrome: {chromedriverVersion: 118.0.5993.70 (e52f33f30b91..., userDataDir: C:\WINDOWS\SystemTemp\scope...}, fedcm:accounts: true, goog:chromeOptions: {debuggerAddress: localhost:62169}, networkConnectionEnabled: false, pageLoadStrategy: normal, platformName: windows, proxy: Proxy(), se:cdp: ws://localhost:62169/devtoo..., se:cdpVersion: 118.0.5993.118, setWindowRect: true, strictFileInteractability: false, timeouts: {implicit: 0, pageLoad: 300000, script: 30000}, unhandledPromptBehavior: dismiss and notify, webauthn:extension:credBlob: true, webauthn:extension:largeBlob: true, webauthn:extension:minPinLength: true, webauthn:extension:prf: true, webauthn:virtualAuthenticators: true}
Element: [[ChromeDriver: chrome on windows (14e1ca2fb584f5b46e0728b0f54c06a5)] -> xpath: //div[@class='text-overflow']]
Session ID: 14e1ca2fb584f5b46e0728b0f54c06a5]]>
            </message>
            <full-stacktrace>
              <![CDATA[org.openqa.selenium.StaleElementReferenceException: stale element reference: stale element not found
  (Session info: chrome=118.0.5993.118)
For documentation on this error, please visit: https://www.selenium.dev/documentation/webdriver/troubleshooting/errors#stale-element-reference-exception
Build info: version: '4.10.0', revision: 'c14d967899'
System info: os.name: 'Windows 10', os.arch: 'amd64', os.version: '10.0', java.version: '17.0.9'
Driver info: org.openqa.selenium.chrome.ChromeDriver
Command: [14e1ca2fb584f5b46e0728b0f54c06a5, getElementText {id=32D1D319A3CFD3F2F2A2340CE2759B5C_element_291}]
Capabilities {acceptInsecureCerts: false, browserName: chrome, browserVersion: 118.0.5993.118, chrome: {chromedriverVersion: 118.0.5993.70 (e52f33f30b91..., userDataDir: C:\WINDOWS\SystemTemp\scope...}, fedcm:accounts: true, goog:chromeOptions: {debuggerAddress: localhost:62169}, networkConnectionEnabled: false, pageLoadStrategy: normal, platformName: windows, proxy: Proxy(), se:cdp: ws://localhost:62169/devtoo..., se:cdpVersion: 118.0.5993.118, setWindowRect: true, strictFileInteractability: false, timeouts: {implicit: 0, pageLoad: 300000, script: 30000}, unhandledPromptBehavior: dismiss and notify, webauthn:extension:credBlob: true, webauthn:extension:largeBlob: true, webauthn:extension:minPinLength: true, webauthn:extension:prf: true, webauthn:virtualAuthenticators: true}
Element: [[ChromeDriver: chrome on windows (14e1ca2fb584f5b46e0728b0f54c06a5)] -> xpath: //div[@class='text-overflow']]
Session ID: 14e1ca2fb584f5b46e0728b0f54c06a5
at java.base/jdk.internal.reflect.NativeConstructorAccessorImpl.newInstance0(Native Method)
at java.base/jdk.internal.reflect.NativeConstructorAccessorImpl.newInstance(NativeConstructorAccessorImpl.java:77)
at java.base/jdk.internal.reflect.DelegatingConstructorAccessorImpl.newInstance(DelegatingConstructorAccessorImpl.java:45)
at java.base/java.lang.reflect.Constructor.newInstanceWithCaller(Constructor.java:499)
at java.base/java.lang.reflect.Constructor.newInstance(Constructor.java:480)
at org.openqa.selenium.remote.codec.w3c.W3CHttpResponseCodec.createException(W3CHttpResponseCodec.java:199)
at org.openqa.selenium.remote.codec.w3c.W3CHttpResponseCodec.decode(W3CHttpResponseCodec.java:132)
at org.openqa.selenium.remote.codec.w3c.W3CHttpResponseCodec.decode(W3CHttpResponseCodec.java:51)
at org.openqa.selenium.remote.HttpCommandExecutor.execute(HttpCommandExecutor.java:191)
at org.openqa.selenium.remote.service.DriverCommandExecutor.invokeExecute(DriverCommandExecutor.java:196)
at org.openqa.selenium.remote.service.DriverCommandExecutor.execute(DriverCommandExecutor.java:171)
at org.openqa.selenium.remote.RemoteWebDriver.execute(RemoteWebDriver.java:531)
at org.openqa.selenium.remote.RemoteWebElement.execute(RemoteWebElement.java:242)
at org.openqa.selenium.remote.RemoteWebElement.getText(RemoteWebElement.java:192)
at com.romanceabroad.ui.SearchTests.searchDifferentResults13(SearchTests.java:96)
at java.base/jdk.internal.reflect.NativeMethodAccessorImpl.invoke0(Native Method)
at java.base/jdk.internal.reflect.NativeMethodAccessorImpl.invoke(NativeMethodAccessorImpl.java:77)
at java.base/jdk.internal.reflect.DelegatingMethodAccessorImpl.invoke(DelegatingMethodAccessorImpl.java:43)
at java.base/java.lang.reflect.Method.invoke(Method.java:568)
at org.testng.internal.invokers.MethodInvocationHelper.invokeMethod(MethodInvocationHelper.java:139)
at org.testng.internal.invokers.TestInvoker.invokeMethod(TestInvoker.java:664)
at org.testng.internal.invokers.TestInvoker.invokeTestMethod(TestInvoker.java:227)
at org.testng.internal.invokers.MethodRunner.runInSequence(MethodRunner.java:50)
at org.testng.internal.invokers.TestInvoker$MethodInvocationAgent.invoke(TestInvoker.java:957)
at org.testng.internal.invokers.TestInvoker.invokeTestMethods(TestInvoker.java:200)
at org.testng.internal.invokers.TestMethodWorker.invokeTestMethods(TestMethodWorker.java:148)
at org.testng.internal.invokers.TestMethodWorker.run(TestMethodWorker.java:128)
at java.base/java.util.ArrayList.forEach(ArrayList.java:1511)
at org.testng.TestRunner.privateRun(TestRunner.java:848)
at org.testng.TestRunner.run(TestRunner.java:621)
at org.testng.SuiteRunner.runTest(SuiteRunner.java:443)
at org.testng.SuiteRunner.runSequentially(SuiteRunner.java:437)
at org.testng.SuiteRunner.privateRun(SuiteRunner.java:397)
at org.testng.SuiteRunner.run(SuiteRunner.java:336)
at org.testng.SuiteRunnerWorker.runSuite(SuiteRunnerWorker.java:52)
at org.testng.SuiteRunnerWorker.run(SuiteRunnerWorker.java:95)
at org.testng.TestNG.runSuitesSequentially(TestNG.java:1280)
at org.testng.TestNG.runSuitesLocally(TestNG.java:1200)
at org.testng.TestNG.runSuites(TestNG.java:1114)
at org.testng.TestNG.run(TestNG.java:1082)
at org.apache.maven.surefire.testng.TestNGExecutor.run(TestNGExecutor.java:283)
at org.apache.maven.surefire.testng.TestNGXmlTestSuite.execute(TestNGXmlTestSuite.java:75)
at org.apache.maven.surefire.testng.TestNGProvider.invoke(TestNGProvider.java:120)
at org.apache.maven.surefire.booter.ForkedBooter.invokeProviderInSameClassLoader(ForkedBooter.java:384)
at org.apache.maven.surefire.booter.ForkedBooter.runSuitesInProcess(ForkedBooter.java:345)
at org.apache.maven.surefire.booter.ForkedBooter.execute(ForkedBooter.java:126)
at org.apache.maven.surefire.booter.ForkedBooter.main(ForkedBooter.java:418)
]]>
            </full-stacktrace>
          </exception> <!-- org.openqa.selenium.StaleElementReferenceException -->
          <reporter-output>
          </reporter-output>
        </test-method> <!-- searchDifferentResults13 -->
        <test-method is-config="true" signature="afterActions(org.testng.ITestResult)[pri:0, instance:com.romanceabroad.ui.SearchTests@2e005c4b]" started-at="2023-10-30T12:43:58 CDT" name="afterActions" finished-at="2023-10-30T12:43:58 CDT" duration-ms="218" status="PASS">
          <params>
            <param index="0">
              <value>
                <![CDATA[[TestResult name=searchDifferentResults13 status=FAILURE method=SearchTests.searchDifferentResults13(java.lang.String,java.lang.String,java.lang.String)[pri:1, instance:com.romanceabroad.ui.SearchTests@2e005c4b] output={null}]]]>
              </value>
            </param>
          </params>
          <reporter-output>
          </reporter-output>
        </test-method> <!-- afterActions -->
        <test-method is-config="true" signature="setup(java.lang.String,java.lang.reflect.Method)[pri:0, instance:com.romanceabroad.ui.SearchTests@2e005c4b]" started-at="2023-10-30T12:43:58 CDT" name="setup" finished-at="2023-10-30T12:44:03 CDT" duration-ms="5095" status="PASS">
          <params>
            <param index="0">
              <value>
                <![CDATA[chrome]]>
              </value>
            </param>
            <param index="1">
              <value>
                <![CDATA[public void com.romanceabroad.ui.SearchTests.searchDifferentResults13(java.lang.String,java.lang.String,java.lang.String)]]>
              </value>
            </param>
          </params>
          <reporter-output>
          </reporter-output>
        </test-method> <!-- setup -->
        <test-method signature="searchDifferentResults13(java.lang.String,java.lang.String,java.lang.String)[pri:1, instance:com.romanceabroad.ui.SearchTests@2e005c4b]" started-at="2023-10-30T12:44:03 CDT" name="searchDifferentResults13" data-provider="Search" finished-at="2023-10-30T12:45:19 CDT" duration-ms="75477" status="PASS">
          <params>
            <param index="0">
              <value>
                <![CDATA[30]]>
              </value>
            </param>
            <param index="1">
              <value>
                <![CDATA[40]]>
              </value>
            </param>
            <param index="2">
              <value>
                <![CDATA[Views]]>
              </value>
            </param>
          </params>
          <reporter-output>
          </reporter-output>
        </test-method> <!-- searchDifferentResults13 -->
        <test-method is-config="true" signature="afterActions(org.testng.ITestResult)[pri:0, instance:com.romanceabroad.ui.SearchTests@2e005c4b]" started-at="2023-10-30T12:45:19 CDT" name="afterActions" finished-at="2023-10-30T12:45:19 CDT" duration-ms="76" status="PASS">
          <params>
            <param index="0">
              <value>
                <![CDATA[[TestResult name=searchDifferentResults13 status=SUCCESS method=SearchTests.searchDifferentResults13(java.lang.String,java.lang.String,java.lang.String)[pri:1, instance:com.romanceabroad.ui.SearchTests@2e005c4b] output={null}]]]>
              </value>
            </param>
          </params>
          <reporter-output>
          </reporter-output>
        </test-method> <!-- afterActions -->
        <test-method is-config="true" signature="setup(java.lang.String,java.lang.reflect.Method)[pri:0, instance:com.romanceabroad.ui.SearchTests@2e005c4b]" started-at="2023-10-30T12:45:19 CDT" name="setup" finished-at="2023-10-30T12:45:24 CDT" duration-ms="5000" status="PASS">
          <params>
            <param index="0">
              <value>
                <![CDATA[chrome]]>
              </value>
            </param>
            <param index="1">
              <value>
                <![CDATA[public void com.romanceabroad.ui.SearchTests.searchDifferentResults13(java.lang.String,java.lang.String,java.lang.String)]]>
              </value>
            </param>
          </params>
          <reporter-output>
          </reporter-output>
        </test-method> <!-- setup -->
        <test-method signature="searchDifferentResults13(java.lang.String,java.lang.String,java.lang.String)[pri:1, instance:com.romanceabroad.ui.SearchTests@2e005c4b]" started-at="2023-10-30T12:45:24 CDT" name="searchDifferentResults13" data-provider="Search" finished-at="2023-10-30T12:45:29 CDT" duration-ms="5551" status="PASS">
          <params>
            <param index="0">
              <value>
                <![CDATA[60]]>
              </value>
            </param>
            <param index="1">
              <value>
                <![CDATA[80]]>
              </value>
            </param>
            <param index="2">
              <value>
                <![CDATA[Registration date]]>
              </value>
            </param>
          </params>
          <reporter-output>
          </reporter-output>
        </test-method> <!-- searchDifferentResults13 -->
        <test-method is-config="true" signature="afterActions(org.testng.ITestResult)[pri:0, instance:com.romanceabroad.ui.SearchTests@2e005c4b]" started-at="2023-10-30T12:45:29 CDT" name="afterActions" finished-at="2023-10-30T12:45:29 CDT" duration-ms="82" status="PASS">
          <params>
            <param index="0">
              <value>
                <![CDATA[[TestResult name=searchDifferentResults13 status=SUCCESS method=SearchTests.searchDifferentResults13(java.lang.String,java.lang.String,java.lang.String)[pri:1, instance:com.romanceabroad.ui.SearchTests@2e005c4b] output={null}]]]>
              </value>
            </param>
          </params>
          <reporter-output>
          </reporter-output>
        </test-method> <!-- afterActions -->
        <test-method is-config="true" signature="setup(java.lang.String,java.lang.reflect.Method)[pri:0, instance:com.romanceabroad.ui.SearchTests@2e005c4b]" started-at="2023-10-30T12:45:29 CDT" name="setup" finished-at="2023-10-30T12:45:33 CDT" duration-ms="4143" status="PASS">
          <params>
            <param index="0">
              <value>
                <![CDATA[chrome]]>
              </value>
            </param>
            <param index="1">
              <value>
                <![CDATA[public void com.romanceabroad.ui.SearchTests.testSearchPageTestCase12()]]>
              </value>
            </param>
          </params>
          <reporter-output>
          </reporter-output>
        </test-method> <!-- setup -->
        <test-method signature="testSearchPageTestCase12()[pri:2, instance:com.romanceabroad.ui.SearchTests@2e005c4b]" started-at="2023-10-30T12:45:33 CDT" name="testSearchPageTestCase12" finished-at="2023-10-30T12:45:35 CDT" duration-ms="1679" status="PASS">
          <reporter-output>
          </reporter-output>
        </test-method> <!-- testSearchPageTestCase12 -->
        <test-method is-config="true" signature="afterActions(org.testng.ITestResult)[pri:0, instance:com.romanceabroad.ui.SearchTests@2e005c4b]" started-at="2023-10-30T12:45:35 CDT" name="afterActions" finished-at="2023-10-30T12:45:35 CDT" duration-ms="64" status="PASS">
          <params>
            <param index="0">
              <value>
                <![CDATA[[TestResult name=testSearchPageTestCase12 status=SUCCESS method=SearchTests.testSearchPageTestCase12()[pri:2, instance:com.romanceabroad.ui.SearchTests@2e005c4b] output={null}]]]>
              </value>
            </param>
          </params>
          <reporter-output>
          </reporter-output>
        </test-method> <!-- afterActions -->
        <test-method is-config="true" signature="setup(java.lang.String,java.lang.reflect.Method)[pri:0, instance:com.romanceabroad.ui.SearchTests@2e005c4b]" started-at="2023-10-30T12:45:35 CDT" name="setup" finished-at="2023-10-30T12:45:40 CDT" duration-ms="4511" status="PASS">
          <params>
            <param index="0">
              <value>
                <![CDATA[chrome]]>
              </value>
            </param>
            <param index="1">
              <value>
                <![CDATA[public void com.romanceabroad.ui.SearchTests.selectRandomDropDownListOnSearchPageTestCase11()]]>
              </value>
            </param>
          </params>
          <reporter-output>
          </reporter-output>
        </test-method> <!-- setup -->
        <test-method signature="selectRandomDropDownListOnSearchPageTestCase11()[pri:3, instance:com.romanceabroad.ui.SearchTests@2e005c4b]" started-at="2023-10-30T12:45:40 CDT" name="selectRandomDropDownListOnSearchPageTestCase11" finished-at="2023-10-30T12:49:35 CDT" duration-ms="234945" status="PASS">
          <reporter-output>
          </reporter-output>
        </test-method> <!-- selectRandomDropDownListOnSearchPageTestCase11 -->
        <test-method is-config="true" signature="afterActions(org.testng.ITestResult)[pri:0, instance:com.romanceabroad.ui.SearchTests@2e005c4b]" started-at="2023-10-30T12:49:35 CDT" name="afterActions" finished-at="2023-10-30T12:49:35 CDT" duration-ms="61" status="PASS">
          <params>
            <param index="0">
              <value>
                <![CDATA[[TestResult name=selectRandomDropDownListOnSearchPageTestCase11 status=SUCCESS method=SearchTests.selectRandomDropDownListOnSearchPageTestCase11()[pri:3, instance:com.romanceabroad.ui.SearchTests@2e005c4b] output={null}]]]>
              </value>
            </param>
          </params>
          <reporter-output>
          </reporter-output>
        </test-method> <!-- afterActions -->
      </class> <!-- com.romanceabroad.ui.SearchTests -->
      <class name="com.romanceabroad.ui.TourToUkraineTests">
        <test-method is-config="true" signature="setup(java.lang.String,java.lang.reflect.Method)[pri:0, instance:com.romanceabroad.ui.TourToUkraineTests@5ffead27]" started-at="2023-10-30T12:49:39 CDT" name="setup" finished-at="2023-10-30T12:49:42 CDT" duration-ms="2316" status="PASS">
          <params>
            <param index="0">
              <value>
                <![CDATA[chrome]]>
              </value>
            </param>
            <param index="1">
              <value>
                <![CDATA[public void com.romanceabroad.ui.TourToUkraineTests.testTourToUkraineLink()]]>
              </value>
            </param>
          </params>
          <reporter-output>
          </reporter-output>
        </test-method> <!-- setup -->
        <test-method signature="testTourToUkraineLink()[pri:0, instance:com.romanceabroad.ui.TourToUkraineTests@5ffead27]" started-at="2023-10-30T12:49:42 CDT" name="testTourToUkraineLink" finished-at="2023-10-30T12:49:48 CDT" duration-ms="5898" status="PASS">
          <reporter-output>
          </reporter-output>
        </test-method> <!-- testTourToUkraineLink -->
        <test-method is-config="true" signature="afterActions(org.testng.ITestResult)[pri:0, instance:com.romanceabroad.ui.TourToUkraineTests@5ffead27]" started-at="2023-10-30T12:49:48 CDT" name="afterActions" finished-at="2023-10-30T12:49:48 CDT" duration-ms="53" status="PASS">
          <params>
            <param index="0">
              <value>
                <![CDATA[[TestResult name=testTourToUkraineLink status=SUCCESS method=TourToUkraineTests.testTourToUkraineLink()[pri:0, instance:com.romanceabroad.ui.TourToUkraineTests@5ffead27] output={null}]]]>
              </value>
            </param>
          </params>
          <reporter-output>
          </reporter-output>
        </test-method> <!-- afterActions -->
      </class> <!-- com.romanceabroad.ui.TourToUkraineTests -->
      <class name="com.romanceabroad.ui.BlogTests">
        <test-method is-config="true" signature="setup(java.lang.String,java.lang.reflect.Method)[pri:0, instance:com.romanceabroad.ui.BlogTests@661972b0]" started-at="2023-10-30T12:42:04 CDT" name="setup" finished-at="2023-10-30T12:42:09 CDT" duration-ms="5582" status="PASS">
          <params>
            <param index="0">
              <value>
                <![CDATA[chrome]]>
              </value>
            </param>
            <param index="1">
              <value>
                <![CDATA[public void com.romanceabroad.ui.BlogTests.collectAllLinksOfArticles()]]>
              </value>
            </param>
          </params>
          <reporter-output>
          </reporter-output>
        </test-method> <!-- setup -->
        <test-method signature="collectAllLinksOfArticles()[pri:0, instance:com.romanceabroad.ui.BlogTests@661972b0]" started-at="2023-10-30T12:42:09 CDT" name="collectAllLinksOfArticles" finished-at="2023-10-30T12:42:09 CDT" duration-ms="64" status="PASS">
          <reporter-output>
          </reporter-output>
        </test-method> <!-- collectAllLinksOfArticles -->
        <test-method is-config="true" signature="afterActions(org.testng.ITestResult)[pri:0, instance:com.romanceabroad.ui.BlogTests@661972b0]" started-at="2023-10-30T12:42:09 CDT" name="afterActions" finished-at="2023-10-30T12:42:09 CDT" duration-ms="79" status="PASS">
          <params>
            <param index="0">
              <value>
                <![CDATA[[TestResult name=collectAllLinksOfArticles status=SUCCESS method=BlogTests.collectAllLinksOfArticles()[pri:0, instance:com.romanceabroad.ui.BlogTests@661972b0] output={null}]]]>
              </value>
            </param>
          </params>
          <reporter-output>
          </reporter-output>
        </test-method> <!-- afterActions -->
        <test-method is-config="true" signature="setup(java.lang.String,java.lang.reflect.Method)[pri:0, instance:com.romanceabroad.ui.BlogTests@661972b0]" started-at="2023-10-30T12:42:09 CDT" name="setup" finished-at="2023-10-30T12:42:15 CDT" duration-ms="5681" status="PASS">
          <params>
            <param index="0">
              <value>
                <![CDATA[chrome]]>
              </value>
            </param>
            <param index="1">
              <value>
                <![CDATA[public void com.romanceabroad.ui.BlogTests.testBlogLink()]]>
              </value>
            </param>
          </params>
          <reporter-output>
          </reporter-output>
        </test-method> <!-- setup -->
        <test-method signature="testBlogLink()[pri:0, instance:com.romanceabroad.ui.BlogTests@661972b0]" started-at="2023-10-30T12:42:15 CDT" name="testBlogLink" finished-at="2023-10-30T12:42:17 CDT" duration-ms="2344" status="PASS">
          <reporter-output>
          </reporter-output>
        </test-method> <!-- testBlogLink -->
        <test-method is-config="true" signature="afterActions(org.testng.ITestResult)[pri:0, instance:com.romanceabroad.ui.BlogTests@661972b0]" started-at="2023-10-30T12:42:17 CDT" name="afterActions" finished-at="2023-10-30T12:42:17 CDT" duration-ms="95" status="PASS">
          <params>
            <param index="0">
              <value>
                <![CDATA[[TestResult name=testBlogLink status=SUCCESS method=BlogTests.testBlogLink()[pri:0, instance:com.romanceabroad.ui.BlogTests@661972b0] output={null}]]]>
              </value>
            </param>
          </params>
          <reporter-output>
          </reporter-output>
        </test-method> <!-- afterActions -->
      </class> <!-- com.romanceabroad.ui.BlogTests -->
      <class name="com.romanceabroad.ui.RegistrationTests">
        <test-method is-config="true" signature="setup(java.lang.String,java.lang.reflect.Method)[pri:0, instance:com.romanceabroad.ui.RegistrationTests@3835c46]" started-at="2023-10-30T12:41:31 CDT" name="setup" finished-at="2023-10-30T12:41:37 CDT" duration-ms="5975" status="PASS">
          <params>
            <param index="0">
              <value>
                <![CDATA[chrome]]>
              </value>
            </param>
            <param index="1">
              <value>
                <![CDATA[public void com.romanceabroad.ui.RegistrationTests.testRegistration(java.lang.String,java.lang.String,java.lang.String,java.lang.String,java.lang.String,java.lang.String,java.lang.String,java.lang.String)]]>
              </value>
            </param>
          </params>
          <reporter-output>
          </reporter-output>
        </test-method> <!-- setup -->
        <test-method signature="testRegistration(java.lang.String,java.lang.String,java.lang.String,java.lang.String,java.lang.String,java.lang.String,java.lang.String,java.lang.String)[pri:0, instance:com.romanceabroad.ui.RegistrationTests@3835c46]" started-at="2023-10-30T12:41:37 CDT" name="testRegistration" data-provider="Registration" finished-at="2023-10-30T12:41:39 CDT" duration-ms="2738" status="PASS">
          <params>
            <param index="0">
              <value>
                <![CDATA[streetracer@gmail.com]]>
              </value>
            </param>
            <param index="1">
              <value>
                <![CDATA[p@ssw0rd]]>
              </value>
            </param>
            <param index="2">
              <value>
                <![CDATA[21]]>
              </value>
            </param>
            <param index="3">
              <value>
                <![CDATA[June]]>
              </value>
            </param>
            <param index="4">
              <value>
                <![CDATA[1999]]>
              </value>
            </param>
            <param index="5">
              <value>
                <![CDATA[987654321]]>
              </value>
            </param>
            <param index="6">
              <value>
                <![CDATA[Sydney]]>
              </value>
            </param>
            <param index="7">
              <value>
                <![CDATA[State of New South Wales]]>
              </value>
            </param>
          </params>
          <reporter-output>
          </reporter-output>
        </test-method> <!-- testRegistration -->
        <test-method is-config="true" signature="afterActions(org.testng.ITestResult)[pri:0, instance:com.romanceabroad.ui.RegistrationTests@3835c46]" started-at="2023-10-30T12:41:39 CDT" name="afterActions" finished-at="2023-10-30T12:41:40 CDT" duration-ms="513" status="PASS">
          <params>
            <param index="0">
              <value>
                <![CDATA[[TestResult name=testRegistration status=SUCCESS method=RegistrationTests.testRegistration(java.lang.String,java.lang.String,java.lang.String,java.lang.String,java.lang.String,java.lang.String,java.lang.String,java.lang.String)[pri:0, instance:com.romanceabroad.ui.RegistrationTests@3835c46] output={null}]]]>
              </value>
            </param>
          </params>
          <reporter-output>
          </reporter-output>
        </test-method> <!-- afterActions -->
        <test-method is-config="true" signature="setup(java.lang.String,java.lang.reflect.Method)[pri:0, instance:com.romanceabroad.ui.RegistrationTests@3835c46]" started-at="2023-10-30T12:41:40 CDT" name="setup" finished-at="2023-10-30T12:41:43 CDT" duration-ms="3417" status="PASS">
          <params>
            <param index="0">
              <value>
                <![CDATA[chrome]]>
              </value>
            </param>
            <param index="1">
              <value>
                <![CDATA[public void com.romanceabroad.ui.RegistrationTests.testRegistration(java.lang.String,java.lang.String,java.lang.String,java.lang.String,java.lang.String,java.lang.String,java.lang.String,java.lang.String)]]>
              </value>
            </param>
          </params>
          <reporter-output>
          </reporter-output>
        </test-method> <!-- setup -->
        <test-method signature="testRegistration(java.lang.String,java.lang.String,java.lang.String,java.lang.String,java.lang.String,java.lang.String,java.lang.String,java.lang.String)[pri:0, instance:com.romanceabroad.ui.RegistrationTests@3835c46]" started-at="2023-10-30T12:41:43 CDT" name="testRegistration" data-provider="Registration" finished-at="2023-10-30T12:41:46 CDT" duration-ms="2560" status="PASS">
          <params>
            <param index="0">
              <value>
                <![CDATA[abc@gmail.com]]>
              </value>
            </param>
            <param index="1">
              <value>
                <![CDATA[pass!!!]]>
              </value>
            </param>
            <param index="2">
              <value>
                <![CDATA[43]]>
              </value>
            </param>
            <param index="3">
              <value>
                <![CDATA[October]]>
              </value>
            </param>
            <param index="4">
              <value>
                <![CDATA[1950]]>
              </value>
            </param>
            <param index="5">
              <value>
                <![CDATA[45638829874]]>
              </value>
            </param>
            <param index="6">
              <value>
                <![CDATA[Sydney]]>
              </value>
            </param>
            <param index="7">
              <value>
                <![CDATA[State of New South Wales]]>
              </value>
            </param>
          </params>
          <reporter-output>
          </reporter-output>
        </test-method> <!-- testRegistration -->
        <test-method is-config="true" signature="afterActions(org.testng.ITestResult)[pri:0, instance:com.romanceabroad.ui.RegistrationTests@3835c46]" started-at="2023-10-30T12:41:46 CDT" name="afterActions" finished-at="2023-10-30T12:41:46 CDT" duration-ms="162" status="PASS">
          <params>
            <param index="0">
              <value>
                <![CDATA[[TestResult name=testRegistration status=SUCCESS method=RegistrationTests.testRegistration(java.lang.String,java.lang.String,java.lang.String,java.lang.String,java.lang.String,java.lang.String,java.lang.String,java.lang.String)[pri:0, instance:com.romanceabroad.ui.RegistrationTests@3835c46] output={null}]]]>
              </value>
            </param>
          </params>
          <reporter-output>
          </reporter-output>
        </test-method> <!-- afterActions -->
        <test-method is-config="true" signature="setup(java.lang.String,java.lang.reflect.Method)[pri:0, instance:com.romanceabroad.ui.RegistrationTests@3835c46]" started-at="2023-10-30T12:41:46 CDT" name="setup" finished-at="2023-10-30T12:41:50 CDT" duration-ms="4026" status="PASS">
          <params>
            <param index="0">
              <value>
                <![CDATA[chrome]]>
              </value>
            </param>
            <param index="1">
              <value>
                <![CDATA[public void com.romanceabroad.ui.RegistrationTests.testRegistration(java.lang.String,java.lang.String,java.lang.String,java.lang.String,java.lang.String,java.lang.String,java.lang.String,java.lang.String)]]>
              </value>
            </param>
          </params>
          <reporter-output>
          </reporter-output>
        </test-method> <!-- setup -->
        <test-method signature="testRegistration(java.lang.String,java.lang.String,java.lang.String,java.lang.String,java.lang.String,java.lang.String,java.lang.String,java.lang.String)[pri:0, instance:com.romanceabroad.ui.RegistrationTests@3835c46]" started-at="2023-10-30T12:41:50 CDT" name="testRegistration" data-provider="Registration" finished-at="2023-10-30T12:41:52 CDT" duration-ms="2286" status="PASS">
          <params>
            <param index="0">
              <value>
                <![CDATA[regal@yahoo.com]]>
              </value>
            </param>
            <param index="1">
              <value>
                <![CDATA[passW00rd]]>
              </value>
            </param>
            <param index="2">
              <value>
                <![CDATA[55]]>
              </value>
            </param>
            <param index="3">
              <value>
                <![CDATA[April]]>
              </value>
            </param>
            <param index="4">
              <value>
                <![CDATA[2002]]>
              </value>
            </param>
            <param index="5">
              <value>
                <![CDATA[4675875382]]>
              </value>
            </param>
            <param index="6">
              <value>
                <![CDATA[Sydney]]>
              </value>
            </param>
            <param index="7">
              <value>
                <![CDATA[State of New South Wales]]>
              </value>
            </param>
          </params>
          <reporter-output>
          </reporter-output>
        </test-method> <!-- testRegistration -->
        <test-method is-config="true" signature="afterActions(org.testng.ITestResult)[pri:0, instance:com.romanceabroad.ui.RegistrationTests@3835c46]" started-at="2023-10-30T12:41:52 CDT" name="afterActions" finished-at="2023-10-30T12:41:53 CDT" duration-ms="144" status="PASS">
          <params>
            <param index="0">
              <value>
                <![CDATA[[TestResult name=testRegistration status=SUCCESS method=RegistrationTests.testRegistration(java.lang.String,java.lang.String,java.lang.String,java.lang.String,java.lang.String,java.lang.String,java.lang.String,java.lang.String)[pri:0, instance:com.romanceabroad.ui.RegistrationTests@3835c46] output={null}]]]>
              </value>
            </param>
          </params>
          <reporter-output>
          </reporter-output>
        </test-method> <!-- afterActions -->
        <test-method is-config="true" signature="setup(java.lang.String,java.lang.reflect.Method)[pri:0, instance:com.romanceabroad.ui.RegistrationTests@3835c46]" started-at="2023-10-30T12:41:53 CDT" name="setup" finished-at="2023-10-30T12:41:57 CDT" duration-ms="4236" status="PASS">
          <params>
            <param index="0">
              <value>
                <![CDATA[chrome]]>
              </value>
            </param>
            <param index="1">
              <value>
                <![CDATA[public void com.romanceabroad.ui.RegistrationTests.testRegistration2(java.lang.String,java.lang.String,boolean)]]>
              </value>
            </param>
          </params>
          <reporter-output>
          </reporter-output>
        </test-method> <!-- setup -->
        <test-method signature="testRegistration2(java.lang.String,java.lang.String,boolean)[pri:0, instance:com.romanceabroad.ui.RegistrationTests@3835c46]" started-at="2023-10-30T12:41:57 CDT" name="testRegistration2" data-provider="Registration2" finished-at="2023-10-30T12:42:03 CDT" duration-ms="6495" status="PASS">
          <params>
            <param index="0">
              <value>
                <![CDATA[11@gmail.com]]>
              </value>
            </param>
            <param index="1">
              <value>
                <![CDATA[Test51188]]>
              </value>
            </param>
            <param index="2">
              <value>
                <![CDATA[true]]>
              </value>
            </param>
          </params>
          <reporter-output>
          </reporter-output>
        </test-method> <!-- testRegistration2 -->
        <test-method is-config="true" signature="afterActions(org.testng.ITestResult)[pri:0, instance:com.romanceabroad.ui.RegistrationTests@3835c46]" started-at="2023-10-30T12:42:03 CDT" name="afterActions" finished-at="2023-10-30T12:42:04 CDT" duration-ms="201" status="PASS">
          <params>
            <param index="0">
              <value>
                <![CDATA[[TestResult name=testRegistration2 status=SUCCESS method=RegistrationTests.testRegistration2(java.lang.String,java.lang.String,boolean)[pri:0, instance:com.romanceabroad.ui.RegistrationTests@3835c46] output={null}]]]>
              </value>
            </param>
          </params>
          <reporter-output>
          </reporter-output>
        </test-method> <!-- afterActions -->
      </class> <!-- com.romanceabroad.ui.RegistrationTests -->
      <class name="com.romanceabroad.ui.PhotosTests">
        <test-method is-config="true" signature="setup(java.lang.String,java.lang.reflect.Method)[pri:0, instance:com.romanceabroad.ui.PhotosTests@694abbdc]" started-at="2023-10-30T12:42:58 CDT" name="setup" finished-at="2023-10-30T12:43:03 CDT" duration-ms="5384" status="PASS">
          <params>
            <param index="0">
              <value>
                <![CDATA[chrome]]>
              </value>
            </param>
            <param index="1">
              <value>
                <![CDATA[public void com.romanceabroad.ui.PhotosTests.testMediaPage()]]>
              </value>
            </param>
          </params>
          <reporter-output>
          </reporter-output>
        </test-method> <!-- setup -->
        <test-method signature="testMediaPage()[pri:0, instance:com.romanceabroad.ui.PhotosTests@694abbdc]" started-at="2023-10-30T12:43:03 CDT" name="testMediaPage" finished-at="2023-10-30T12:43:11 CDT" duration-ms="7347" status="PASS">
          <reporter-output>
          </reporter-output>
        </test-method> <!-- testMediaPage -->
        <test-method is-config="true" signature="afterActions(org.testng.ITestResult)[pri:0, instance:com.romanceabroad.ui.PhotosTests@694abbdc]" started-at="2023-10-30T12:43:11 CDT" name="afterActions" finished-at="2023-10-30T12:43:11 CDT" duration-ms="68" status="PASS">
          <params>
            <param index="0">
              <value>
                <![CDATA[[TestResult name=testMediaPage status=SUCCESS method=PhotosTests.testMediaPage()[pri:0, instance:com.romanceabroad.ui.PhotosTests@694abbdc] output={null}]]]>
              </value>
            </param>
          </params>
          <reporter-output>
          </reporter-output>
        </test-method> <!-- afterActions -->
      </class> <!-- com.romanceabroad.ui.PhotosTests -->
      <class name="com.romanceabroad.ui.MainTests">
        <test-method is-config="true" signature="setup(java.lang.String,java.lang.reflect.Method)[pri:0, instance:com.romanceabroad.ui.MainTests@323b36e0]" started-at="2023-10-30T12:42:25 CDT" name="setup" finished-at="2023-10-30T12:42:31 CDT" duration-ms="5456" status="PASS">
          <params>
            <param index="0">
              <value>
                <![CDATA[chrome]]>
              </value>
            </param>
            <param index="1">
              <value>
                <![CDATA[public void com.romanceabroad.ui.MainTests.MainPageTest()]]>
              </value>
            </param>
          </params>
          <reporter-output>
          </reporter-output>
        </test-method> <!-- setup -->
        <test-method signature="MainPageTest()[pri:0, instance:com.romanceabroad.ui.MainTests@323b36e0]" started-at="2023-10-30T12:42:31 CDT" name="MainPageTest" finished-at="2023-10-30T12:42:31 CDT" duration-ms="214" status="FAIL">
          <exception class="java.lang.AssertionError">
            <message>
              <![CDATA[Video is not displayed]]>
            </message>
            <full-stacktrace>
              <![CDATA[java.lang.AssertionError: Video is not displayed
at org.testng.Assert.fail(Assert.java:111)
at com.romanceabroad.ui.MainTests.MainPageTest(MainTests.java:20)
at java.base/jdk.internal.reflect.NativeMethodAccessorImpl.invoke0(Native Method)
at java.base/jdk.internal.reflect.NativeMethodAccessorImpl.invoke(NativeMethodAccessorImpl.java:77)
at java.base/jdk.internal.reflect.DelegatingMethodAccessorImpl.invoke(DelegatingMethodAccessorImpl.java:43)
at java.base/java.lang.reflect.Method.invoke(Method.java:568)
at org.testng.internal.invokers.MethodInvocationHelper.invokeMethod(MethodInvocationHelper.java:139)
at org.testng.internal.invokers.TestInvoker.invokeMethod(TestInvoker.java:664)
at org.testng.internal.invokers.TestInvoker.invokeTestMethod(TestInvoker.java:227)
at org.testng.internal.invokers.MethodRunner.runInSequence(MethodRunner.java:50)
at org.testng.internal.invokers.TestInvoker$MethodInvocationAgent.invoke(TestInvoker.java:957)
at org.testng.internal.invokers.TestInvoker.invokeTestMethods(TestInvoker.java:200)
at org.testng.internal.invokers.TestMethodWorker.invokeTestMethods(TestMethodWorker.java:148)
at org.testng.internal.invokers.TestMethodWorker.run(TestMethodWorker.java:128)
at java.base/java.util.ArrayList.forEach(ArrayList.java:1511)
at org.testng.TestRunner.privateRun(TestRunner.java:848)
at org.testng.TestRunner.run(TestRunner.java:621)
at org.testng.SuiteRunner.runTest(SuiteRunner.java:443)
at org.testng.SuiteRunner.runSequentially(SuiteRunner.java:437)
at org.testng.SuiteRunner.privateRun(SuiteRunner.java:397)
at org.testng.SuiteRunner.run(SuiteRunner.java:336)
at org.testng.SuiteRunnerWorker.runSuite(SuiteRunnerWorker.java:52)
at org.testng.SuiteRunnerWorker.run(SuiteRunnerWorker.java:95)
at org.testng.TestNG.runSuitesSequentially(TestNG.java:1280)
at org.testng.TestNG.runSuitesLocally(TestNG.java:1200)
at org.testng.TestNG.runSuites(TestNG.java:1114)
at org.testng.TestNG.run(TestNG.java:1082)
at org.apache.maven.surefire.testng.TestNGExecutor.run(TestNGExecutor.java:283)
at org.apache.maven.surefire.testng.TestNGXmlTestSuite.execute(TestNGXmlTestSuite.java:75)
at org.apache.maven.surefire.testng.TestNGProvider.invoke(TestNGProvider.java:120)
at org.apache.maven.surefire.booter.ForkedBooter.invokeProviderInSameClassLoader(ForkedBooter.java:384)
at org.apache.maven.surefire.booter.ForkedBooter.runSuitesInProcess(ForkedBooter.java:345)
at org.apache.maven.surefire.booter.ForkedBooter.execute(ForkedBooter.java:126)
at org.apache.maven.surefire.booter.ForkedBooter.main(ForkedBooter.java:418)
]]>
            </full-stacktrace>
          </exception> <!-- java.lang.AssertionError -->
          <reporter-output>
          </reporter-output>
        </test-method> <!-- MainPageTest -->
        <test-method is-config="true" signature="afterActions(org.testng.ITestResult)[pri:0, instance:com.romanceabroad.ui.MainTests@323b36e0]" started-at="2023-10-30T12:42:31 CDT" name="afterActions" finished-at="2023-10-30T12:42:32 CDT" duration-ms="743" status="PASS">
          <params>
            <param index="0">
              <value>
                <![CDATA[[TestResult name=MainPageTest status=FAILURE method=MainTests.MainPageTest()[pri:0, instance:com.romanceabroad.ui.MainTests@323b36e0] output={null}]]]>
              </value>
            </param>
          </params>
          <reporter-output>
          </reporter-output>
        </test-method> <!-- afterActions -->
        <test-method is-config="true" signature="setup(java.lang.String,java.lang.reflect.Method)[pri:0, instance:com.romanceabroad.ui.MainTests@323b36e0]" started-at="2023-10-30T12:42:32 CDT" name="setup" finished-at="2023-10-30T12:42:38 CDT" duration-ms="6064" status="PASS">
          <params>
            <param index="0">
              <value>
                <![CDATA[chrome]]>
              </value>
            </param>
            <param index="1">
              <value>
                <![CDATA[public void com.romanceabroad.ui.MainTests.testLinksOnMainPage()]]>
              </value>
            </param>
          </params>
          <reporter-output>
          </reporter-output>
        </test-method> <!-- setup -->
        <test-method signature="testLinksOnMainPage()[pri:0, instance:com.romanceabroad.ui.MainTests@323b36e0]" started-at="2023-10-30T12:42:38 CDT" name="testLinksOnMainPage" finished-at="2023-10-30T12:42:47 CDT" duration-ms="9386" status="PASS">
          <reporter-output>
          </reporter-output>
        </test-method> <!-- testLinksOnMainPage -->
        <test-method is-config="true" signature="afterActions(org.testng.ITestResult)[pri:0, instance:com.romanceabroad.ui.MainTests@323b36e0]" started-at="2023-10-30T12:42:47 CDT" name="afterActions" finished-at="2023-10-30T12:42:47 CDT" duration-ms="181" status="PASS">
          <params>
            <param index="0">
              <value>
                <![CDATA[[TestResult name=testLinksOnMainPage status=SUCCESS method=MainTests.testLinksOnMainPage()[pri:0, instance:com.romanceabroad.ui.MainTests@323b36e0] output={null}]]]>
              </value>
            </param>
          </params>
          <reporter-output>
          </reporter-output>
        </test-method> <!-- afterActions -->
      </class> <!-- com.romanceabroad.ui.MainTests -->
    </test> <!-- ChromeTestCases -->
  </suite> <!-- TestSuite -->
</testng-results>
