<?xml version="1.0" encoding="UTF-8"?>
<!-- Generated by org.testng.reporters.JUnitXMLReporter -->
<testsuite ignored="0" hostname="DESKTOP-OIDSKCV" failures="3" tests="20" name="ChromeTestCases" time="496.999" errors="0" timestamp="2023-10-30T12:49:48 CDT">
  <testcase classname="com.romanceabroad.ui.RegistrationTests" name="testRegistration" time="2.738"/>
  <testcase classname="com.romanceabroad.ui.RegistrationTests" name="testRegistration" time="2.56"/>
  <testcase classname="com.romanceabroad.ui.RegistrationTests" name="testRegistration" time="2.286"/>
  <testcase classname="com.romanceabroad.ui.RegistrationTests" name="testRegistration2" time="6.495"/>
  <testcase classname="com.romanceabroad.ui.BlogTests" name="collectAllLinksOfArticles" time="0.064"/>
  <testcase classname="com.romanceabroad.ui.BlogTests" name="testBlogLink" time="2.344"/>
  <testcase classname="com.romanceabroad.ui.GiftTests" name="testGiftsLink" time="4.652"/>
  <testcase classname="com.romanceabroad.ui.MainTests" name="MainPageTest" time="0.214">
    <failure type="java.lang.AssertionError" message="Video is not displayed">
      <![CDATA[java.lang.AssertionError: Video is not displayed
at com.romanceabroad.ui.MainTests.MainPageTest(MainTests.java:20)
at java.base/java.util.ArrayList.forEach(ArrayList.java:1511)
... Removed 32 stack frames]]>
    </failure>
  </testcase> <!-- MainPageTest -->
  <testcase classname="com.romanceabroad.ui.MainTests" name="testLinksOnMainPage" time="9.386"/>
  <testcase classname="com.romanceabroad.ui.HowWeWorkTests" name="testHowWeWorkLink" time="1.875"/>
  <testcase classname="com.romanceabroad.ui.PhotosTests" name="testMediaPage" time="7.347"/>
  <testcase classname="com.romanceabroad.ui.SearchTests" name="Loops1" time="16.055"/>
  <testcase classname="com.romanceabroad.ui.SearchTests" name="searchDifferentResults13" time="2.893">
    <failure type="org.openqa.selenium.StaleElementReferenceException" message="stale element reference: stale element not found
  (Session info: chrome=118.0.5993.118)
For documentation on this error, please visit: https://www.selenium.dev/documentation/webdriver/troubleshooting/errors#stale-element-reference-exception
Build info: version: &amp;apos;4.10.0&amp;apos;, revision: &amp;apos;c14d967899&amp;apos;
System info: os.name: &amp;apos;Windows 10&amp;apos;, os.arch: &amp;apos;amd64&amp;apos;, os.version: &amp;apos;10.0&amp;apos;, java.version: &amp;apos;17.0.9&amp;apos;
Driver info: org.openqa.selenium.chrome.ChromeDriver
Command: [3e88542bd81fd155315135bc994581dd, getElementText {id=C9AC7775A5364365EFD461E45F28118F_element_260}]
Capabilities {acceptInsecureCerts: false, browserName: chrome, browserVersion: 118.0.5993.118, chrome: {chromedriverVersion: 118.0.5993.70 (e52f33f30b91..., userDataDir: C:\WINDOWS\SystemTemp\scope...}, fedcm:accounts: true, goog:chromeOptions: {debuggerAddress: localhost:62103}, networkConnectionEnabled: false, pageLoadStrategy: normal, platformName: windows, proxy: Proxy(), se:cdp: ws://localhost:62103/devtoo..., se:cdpVersion: 118.0.5993.118, setWindowRect: true, strictFileInteractability: false, timeouts: {implicit: 0, pageLoad: 300000, script: 30000}, unhandledPromptBehavior: dismiss and notify, webauthn:extension:credBlob: true, webauthn:extension:largeBlob: true, webauthn:extension:minPinLength: true, webauthn:extension:prf: true, webauthn:virtualAuthenticators: true}
Element: [[ChromeDriver: chrome on windows (3e88542bd81fd155315135bc994581dd)] -&amp;gt; xpath: //div[@class=&amp;apos;text-overflow&amp;apos;]]
Session ID: 3e88542bd81fd155315135bc994581dd">
      <![CDATA[org.openqa.selenium.StaleElementReferenceException: stale element reference: stale element not found
  (Session info: chrome=118.0.5993.118)
For documentation on this error, please visit: https://www.selenium.dev/documentation/webdriver/troubleshooting/errors#stale-element-reference-exception
Build info: version: '4.10.0', revision: 'c14d967899'
System info: os.name: 'Windows 10', os.arch: 'amd64', os.version: '10.0', java.version: '17.0.9'
Driver info: org.openqa.selenium.chrome.ChromeDriver
Command: [3e88542bd81fd155315135bc994581dd, getElementText {id=C9AC7775A5364365EFD461E45F28118F_element_260}]
Capabilities {acceptInsecureCerts: false, browserName: chrome, browserVersion: 118.0.5993.118, chrome: {chromedriverVersion: 118.0.5993.70 (e52f33f30b91..., userDataDir: C:\WINDOWS\SystemTemp\scope...}, fedcm:accounts: true, goog:chromeOptions: {debuggerAddress: localhost:62103}, networkConnectionEnabled: false, pageLoadStrategy: normal, platformName: windows, proxy: Proxy(), se:cdp: ws://localhost:62103/devtoo..., se:cdpVersion: 118.0.5993.118, setWindowRect: true, strictFileInteractability: false, timeouts: {implicit: 0, pageLoad: 300000, script: 30000}, unhandledPromptBehavior: dismiss and notify, webauthn:extension:credBlob: true, webauthn:extension:largeBlob: true, webauthn:extension:minPinLength: true, webauthn:extension:prf: true, webauthn:virtualAuthenticators: true}
Element: [[ChromeDriver: chrome on windows (3e88542bd81fd155315135bc994581dd)] -> xpath: //div[@class='text-overflow']]
Session ID: 3e88542bd81fd155315135bc994581dd
at org.openqa.selenium.remote.codec.w3c.W3CHttpResponseCodec.createException(W3CHttpResponseCodec.java:199)
at org.openqa.selenium.remote.codec.w3c.W3CHttpResponseCodec.decode(W3CHttpResponseCodec.java:132)
at org.openqa.selenium.remote.codec.w3c.W3CHttpResponseCodec.decode(W3CHttpResponseCodec.java:51)
at org.openqa.selenium.remote.HttpCommandExecutor.execute(HttpCommandExecutor.java:191)
at org.openqa.selenium.remote.service.DriverCommandExecutor.invokeExecute(DriverCommandExecutor.java:196)
at org.openqa.selenium.remote.service.DriverCommandExecutor.execute(DriverCommandExecutor.java:171)
at org.openqa.selenium.remote.RemoteWebDriver.execute(RemoteWebDriver.java:531)
at org.openqa.selenium.remote.RemoteWebElement.execute(RemoteWebElement.java:242)
at org.openqa.selenium.remote.RemoteWebElement.getText(RemoteWebElement.java:192)
at com.romanceabroad.ui.SearchTests.searchDifferentResults13(SearchTests.java:96)
at java.base/java.util.ArrayList.forEach(ArrayList.java:1511)
... Removed 36 stack frames]]>
    </failure>
  </testcase> <!-- searchDifferentResults13 -->
  <testcase classname="com.romanceabroad.ui.SearchTests" name="searchDifferentResults13" time="2.615">
    <failure type="org.openqa.selenium.StaleElementReferenceException" message="stale element reference: stale element not found
  (Session info: chrome=118.0.5993.118)
For documentation on this error, please visit: https://www.selenium.dev/documentation/webdriver/troubleshooting/errors#stale-element-reference-exception
Build info: version: &amp;apos;4.10.0&amp;apos;, revision: &amp;apos;c14d967899&amp;apos;
System info: os.name: &amp;apos;Windows 10&amp;apos;, os.arch: &amp;apos;amd64&amp;apos;, os.version: &amp;apos;10.0&amp;apos;, java.version: &amp;apos;17.0.9&amp;apos;
Driver info: org.openqa.selenium.chrome.ChromeDriver
Command: [14e1ca2fb584f5b46e0728b0f54c06a5, getElementText {id=32D1D319A3CFD3F2F2A2340CE2759B5C_element_291}]
Capabilities {acceptInsecureCerts: false, browserName: chrome, browserVersion: 118.0.5993.118, chrome: {chromedriverVersion: 118.0.5993.70 (e52f33f30b91..., userDataDir: C:\WINDOWS\SystemTemp\scope...}, fedcm:accounts: true, goog:chromeOptions: {debuggerAddress: localhost:62169}, networkConnectionEnabled: false, pageLoadStrategy: normal, platformName: windows, proxy: Proxy(), se:cdp: ws://localhost:62169/devtoo..., se:cdpVersion: 118.0.5993.118, setWindowRect: true, strictFileInteractability: false, timeouts: {implicit: 0, pageLoad: 300000, script: 30000}, unhandledPromptBehavior: dismiss and notify, webauthn:extension:credBlob: true, webauthn:extension:largeBlob: true, webauthn:extension:minPinLength: true, webauthn:extension:prf: true, webauthn:virtualAuthenticators: true}
Element: [[ChromeDriver: chrome on windows (14e1ca2fb584f5b46e0728b0f54c06a5)] -&amp;gt; xpath: //div[@class=&amp;apos;text-overflow&amp;apos;]]
Session ID: 14e1ca2fb584f5b46e0728b0f54c06a5">
      <![CDATA[org.openqa.selenium.StaleElementReferenceException: stale element reference: stale element not found
  (Session info: chrome=118.0.5993.118)
For documentation on this error, please visit: https://www.selenium.dev/documentation/webdriver/troubleshooting/errors#stale-element-reference-exception
Build info: version: '4.10.0', revision: 'c14d967899'
System info: os.name: 'Windows 10', os.arch: 'amd64', os.version: '10.0', java.version: '17.0.9'
Driver info: org.openqa.selenium.chrome.ChromeDriver
Command: [14e1ca2fb584f5b46e0728b0f54c06a5, getElementText {id=32D1D319A3CFD3F2F2A2340CE2759B5C_element_291}]
Capabilities {acceptInsecureCerts: false, browserName: chrome, browserVersion: 118.0.5993.118, chrome: {chromedriverVersion: 118.0.5993.70 (e52f33f30b91..., userDataDir: C:\WINDOWS\SystemTemp\scope...}, fedcm:accounts: true, goog:chromeOptions: {debuggerAddress: localhost:62169}, networkConnectionEnabled: false, pageLoadStrategy: normal, platformName: windows, proxy: Proxy(), se:cdp: ws://localhost:62169/devtoo..., se:cdpVersion: 118.0.5993.118, setWindowRect: true, strictFileInteractability: false, timeouts: {implicit: 0, pageLoad: 300000, script: 30000}, unhandledPromptBehavior: dismiss and notify, webauthn:extension:credBlob: true, webauthn:extension:largeBlob: true, webauthn:extension:minPinLength: true, webauthn:extension:prf: true, webauthn:virtualAuthenticators: true}
Element: [[ChromeDriver: chrome on windows (14e1ca2fb584f5b46e0728b0f54c06a5)] -> xpath: //div[@class='text-overflow']]
Session ID: 14e1ca2fb584f5b46e0728b0f54c06a5
at org.openqa.selenium.remote.codec.w3c.W3CHttpResponseCodec.createException(W3CHttpResponseCodec.java:199)
at org.openqa.selenium.remote.codec.w3c.W3CHttpResponseCodec.decode(W3CHttpResponseCodec.java:132)
at org.openqa.selenium.remote.codec.w3c.W3CHttpResponseCodec.decode(W3CHttpResponseCodec.java:51)
at org.openqa.selenium.remote.HttpCommandExecutor.execute(HttpCommandExecutor.java:191)
at org.openqa.selenium.remote.service.DriverCommandExecutor.invokeExecute(DriverCommandExecutor.java:196)
at org.openqa.selenium.remote.service.DriverCommandExecutor.execute(DriverCommandExecutor.java:171)
at org.openqa.selenium.remote.RemoteWebDriver.execute(RemoteWebDriver.java:531)
at org.openqa.selenium.remote.RemoteWebElement.execute(RemoteWebElement.java:242)
at org.openqa.selenium.remote.RemoteWebElement.getText(RemoteWebElement.java:192)
at com.romanceabroad.ui.SearchTests.searchDifferentResults13(SearchTests.java:96)
at java.base/java.util.ArrayList.forEach(ArrayList.java:1511)
... Removed 36 stack frames]]>
    </failure>
  </testcase> <!-- searchDifferentResults13 -->
  <testcase classname="com.romanceabroad.ui.SearchTests" name="searchDifferentResults13" time="75.477"/>
  <testcase classname="com.romanceabroad.ui.SearchTests" name="searchDifferentResults13" time="5.551"/>
  <testcase classname="com.romanceabroad.ui.SearchTests" name="testSearchPageTestCase12" time="1.679"/>
  <testcase classname="com.romanceabroad.ui.SearchTests" name="selectRandomDropDownListOnSearchPageTestCase11" time="234.945"/>
  <testcase classname="com.romanceabroad.ui.SignInTests" name="testSignInTest" time="0.163"/>
  <testcase classname="com.romanceabroad.ui.TourToUkraineTests" name="testTourToUkraineLink" time="5.898"/>
</testsuite> <!-- ChromeTestCases -->
